# JRE version: OpenJDK Runtime Environment Temurin-21.0.12.1+1 (21.0.12.1+1) (build 21.0.12.1+1-LTS)
# Java VM: OpenJDK 64-Bit Server VM Temurin-21.0.12.1+1 (21.0.12.1+1-LTS, mixed mode, sharing, tiered, compressed oops, compressed class ptrs, parallel gc, windows-amd64)
GC Precious Log:
 CardTable entry size: 512
 CPUs: 4 total, 4 available
 Memory: 8143M
 Large Page Support: Disabled
 NUMA Support: Disabled
 Compressed Oops: Enabled (32-bit)
 Alignments: Space 512K, Generation 512K, Heap 2M
 Heap Min Capacity: 100M
 Heap Initial Capacity: 100M
 Heap Max Capacity: 2G
 Pre-touch: Disabled
 Parallel Workers: 4
Heap:
 PSYoungGen      total 14336K, used 8927K [0x00000000d5580000, 0x00000000d6b80000, 0x0000000100000000)
  eden space 13824K, 60% used [0x00000000d5580000,0x00000000d5db7dd8,0x00000000d6300000)
  from space 512K, 100% used [0x00000000d6a80000,0x00000000d6b00000,0x00000000d6b00000)
  to   space 512K, 0% used [0x00000000d6b00000,0x00000000d6b00000,0x00000000d6b80000)
 ParOldGen       total 68608K, used 34959K [0x0000000080000000, 0x0000000084300000, 0x00000000d5580000)
  object space 68608K, 50% used [0x0000000080000000,0x0000000082223c08,0x0000000084300000)
 Metaspace       used 47961K, committed 49280K, reserved 1114112K
  class space    used 5216K, committed 5760K, reserved 1048576K
GC Heap History (20 events):
Event: 23.901 GC heap before
{Heap before GC invocations=16 (full 2):
 PSYoungGen      total 24576K, used 22011K [0x00000000d5580000, 0x00000000d7200000, 0x0000000100000000)
  eden space 22016K, 99% used [0x00000000d5580000,0x00000000d6afeec8,0x00000000d6b00000)
  from space 2560K, 0% used [0x00000000d6d80000,0x00000000d6d80000,0x00000000d7000000)
  to   space 1536K, 0% used [0x00000000d7080000,0x00000000d7080000,0x00000000d7200000)
 ParOldGen       total 68608K, used 18637K [0x0000000080000000, 0x0000000084300000, 0x00000000d5580000)
  object space 68608K, 27% used [0x0000000080000000,0x0000000081233718,0x0000000084300000)
 Metaspace       used 37204K, committed 38336K, reserved 1114112K
  class space    used 3951K, committed 4416K, reserved 1048576K
}
Event: 23.903 GC heap after
{Heap after GC invocations=16 (full 2):
 PSYoungGen      total 23552K, used 1364K [0x00000000d5580000, 0x00000000d7200000, 0x0000000100000000)
  eden space 22016K, 0% used [0x00000000d5580000,0x00000000d5580000,0x00000000d6b00000)
  from space 1536K, 88% used [0x00000000d7080000,0x00000000d71d52e0,0x00000000d7200000)
  to   space 1536K, 0% used [0x00000000d6f00000,0x00000000d6f00000,0x00000000d7080000)
 ParOldGen       total 68608K, used 18645K [0x0000000080000000, 0x0000000084300000, 0x00000000d5580000)
  object space 68608K, 27% used [0x0000000080000000,0x0000000081235718,0x0000000084300000)
 Metaspace       used 37204K, committed 38336K, reserved 1114112K
  class space    used 3951K, committed 4416K, reserved 1048576K
}
Event: 24.212 GC heap before
{Heap before GC invocations=17 (full 2):
 PSYoungGen      total 23552K, used 23373K [0x00000000d5580000, 0x00000000d7200000, 0x0000000100000000)
  eden space 22016K, 99% used [0x00000000d5580000,0x00000000d6afe148,0x00000000d6b00000)
  from space 1536K, 88% used [0x00000000d7080000,0x00000000d71d52e0,0x00000000d7200000)
  to   space 1536K, 0% used [0x00000000d6f00000,0x00000000d6f00000,0x00000000d7080000)
 ParOldGen       total 68608K, used 18645K [0x0000000080000000, 0x0000000084300000, 0x00000000d5580000)
  object space 68608K, 27% used [0x0000000080000000,0x0000000081235718,0x0000000084300000)
 Metaspace       used 39721K, committed 40960K, reserved 1114112K
  class space    used 4277K, committed 4800K, reserved 1048576K
}
Event: 24.214 GC heap after
{Heap after GC invocations=17 (full 2):
 PSYoungGen      total 23552K, used 1120K [0x00000000d5580000, 0x00000000d7100000, 0x0000000100000000)
  eden space 22016K, 0% used [0x00000000d5580000,0x00000000d5580000,0x00000000d6b00000)
  from space 1536K, 72% used [0x00000000d6f00000,0x00000000d7018000,0x00000000d7080000)
  to   space 512K, 0% used [0x00000000d7080000,0x00000000d7080000,0x00000000d7100000)
 ParOldGen       total 68608K, used 19804K [0x0000000080000000, 0x0000000084300000, 0x00000000d5580000)
  object space 68608K, 28% used [0x0000000080000000,0x0000000081357030,0x0000000084300000)
 Metaspace       used 39721K, committed 40960K, reserved 1114112K
  class space    used 4277K, committed 4800K, reserved 1048576K
}
Event: 25.401 GC heap before
{Heap before GC invocations=18 (full 2):
 PSYoungGen      total 23552K, used 23136K [0x00000000d5580000, 0x00000000d7100000, 0x0000000100000000)
  eden space 22016K, 100% used [0x00000000d5580000,0x00000000d6b00000,0x00000000d6b00000)
  from space 1536K, 72% used [0x00000000d6f00000,0x00000000d7018000,0x00000000d7080000)
  to   space 512K, 0% used [0x00000000d7080000,0x00000000d7080000,0x00000000d7100000)
 ParOldGen       total 68608K, used 19804K [0x0000000080000000, 0x0000000084300000, 0x00000000d5580000)
  object space 68608K, 28% used [0x0000000080000000,0x0000000081357030,0x0000000084300000)
 Metaspace       used 42006K, committed 43264K, reserved 1114112K
  class space    used 4534K, committed 5056K, reserved 1048576K
}
Event: 25.406 GC heap after
{Heap after GC invocations=18 (full 2):
 PSYoungGen      total 22528K, used 512K [0x00000000d5580000, 0x00000000d7100000, 0x0000000100000000)
  eden space 22016K, 0% used [0x00000000d5580000,0x00000000d5580000,0x00000000d6b00000)
  from space 512K, 100% used [0x00000000d7080000,0x00000000d7100000,0x00000000d7100000)
  to   space 2560K, 0% used [0x00000000d6c00000,0x00000000d6c00000,0x00000000d6e80000)
 ParOldGen       total 68608K, used 21550K [0x0000000080000000, 0x0000000084300000, 0x00000000d5580000)
  object space 68608K, 31% used [0x0000000080000000,0x000000008150bb70,0x0000000084300000)
 Metaspace       used 42006K, committed 43264K, reserved 1114112K
  class space    used 4534K, committed 5056K, reserved 1048576K
}
Event: 28.255 GC heap before
{Heap before GC invocations=19 (full 2):
 PSYoungGen      total 22528K, used 22528K [0x00000000d5580000, 0x00000000d7100000, 0x0000000100000000)
  eden space 22016K, 100% used [0x00000000d5580000,0x00000000d6b00000,0x00000000d6b00000)
  from space 512K, 100% used [0x00000000d7080000,0x00000000d7100000,0x00000000d7100000)
  to   space 2560K, 0% used [0x00000000d6c00000,0x00000000d6c00000,0x00000000d6e80000)
 ParOldGen       total 68608K, used 21550K [0x0000000080000000, 0x0000000084300000, 0x00000000d5580000)
  object space 68608K, 31% used [0x0000000080000000,0x000000008150bb70,0x0000000084300000)
 Metaspace       used 44176K, committed 45504K, reserved 1114112K
  class space    used 4801K, committed 5376K, reserved 1048576K
}
Event: 28.260 GC heap after
{Heap after GC invocations=19 (full 2):
 PSYoungGen      total 24576K, used 2560K [0x00000000d5580000, 0x00000000d7300000, 0x0000000100000000)
  eden space 22016K, 0% used [0x00000000d5580000,0x00000000d5580000,0x00000000d6b00000)
  from space 2560K, 100% used [0x00000000d6c00000,0x00000000d6e80000,0x00000000d6e80000)
  to   space 4096K, 0% used [0x00000000d6f00000,0x00000000d6f00000,0x00000000d7300000)
 ParOldGen       total 68608K, used 22629K [0x0000000080000000, 0x0000000084300000, 0x00000000d5580000)
  object space 68608K, 32% used [0x0000000080000000,0x0000000081619480,0x0000000084300000)
 Metaspace       used 44176K, committed 45504K, reserved 1114112K
  class space    used 4801K, committed 5376K, reserved 1048576K
}
Event: 30.826 GC heap before
{Heap before GC invocations=20 (full 2):
 PSYoungGen      total 24576K, used 24576K [0x00000000d5580000, 0x00000000d7300000, 0x0000000100000000)
  eden space 22016K, 100% used [0x00000000d5580000,0x00000000d6b00000,0x00000000d6b00000)
  from space 2560K, 100% used [0x00000000d6c00000,0x00000000d6e80000,0x00000000d6e80000)
  to   space 4096K, 0% used [0x00000000d6f00000,0x00000000d6f00000,0x00000000d7300000)
 ParOldGen       total 68608K, used 22629K [0x0000000080000000, 0x0000000084300000, 0x00000000d5580000)
  object space 68608K, 32% used [0x0000000080000000,0x0000000081619480,0x0000000084300000)
 Metaspace       used 45317K, committed 46592K, reserved 1114112K
  class space    used 4945K, committed 5504K, reserved 1048576K
}
Event: 30.841 GC heap after
{Heap after GC invocations=20 (full 2):
 PSYoungGen      total 17920K, used 4074K [0x00000000d5580000, 0x00000000d8300000, 0x0000000100000000)
  eden space 13824K, 0% used [0x00000000d5580000,0x00000000d5580000,0x00000000d6300000)
  from space 4096K, 99% used [0x00000000d6f00000,0x00000000d72fa878,0x00000000d7300000)
  to   space 12288K, 0% used [0x00000000d6300000,0x00000000d6300000,0x00000000d6f00000)
 ParOldGen       total 68608K, used 29453K [0x0000000080000000, 0x0000000084300000, 0x00000000d5580000)
  object space 68608K, 42% used [0x0000000080000000,0x0000000081cc37f8,0x0000000084300000)
 Metaspace       used 45317K, committed 46592K, reserved 1114112K
  class space    used 4945K, committed 5504K, reserved 1048576K
}
Event: 34.136 GC heap before
{Heap before GC invocations=21 (full 2):
 PSYoungGen      total 17920K, used 17888K [0x00000000d5580000, 0x00000000d8300000, 0x0000000100000000)
  eden space 13824K, 99% used [0x00000000d5580000,0x00000000d62fd9f0,0x00000000d6300000)
  from space 4096K, 99% used [0x00000000d6f00000,0x00000000d72fa878,0x00000000d7300000)
  to   space 12288K, 0% used [0x00000000d6300000,0x00000000d6300000,0x00000000d6f00000)
 ParOldGen       total 68608K, used 29453K [0x0000000080000000, 0x0000000084300000, 0x00000000d5580000)
  object space 68608K, 42% used [0x0000000080000000,0x0000000081cc37f8,0x0000000084300000)
 Metaspace       used 46861K, committed 48192K, reserved 1114112K
  class space    used 5132K, committed 5696K, reserved 1048576K
}
Event: 34.143 GC heap after
{Heap after GC invocations=21 (full 2):
 PSYoungGen      total 14848K, used 783K [0x00000000d5580000, 0x00000000d6f80000, 0x0000000100000000)
  eden space 13824K, 0% used [0x00000000d5580000,0x00000000d5580000,0x00000000d6300000)
  from space 1024K, 76% used [0x00000000d6300000,0x00000000d63c3c78,0x00000000d6400000)
  to   space 4608K, 0% used [0x00000000d6b00000,0x00000000d6b00000,0x00000000d6f80000)
 ParOldGen       total 68608K, used 33525K [0x0000000080000000, 0x0000000084300000, 0x00000000d5580000)
  object space 68608K, 48% used [0x0000000080000000,0x00000000820bd548,0x0000000084300000)
 Metaspace       used 46861K, committed 48192K, reserved 1114112K
  class space    used 5132K, committed 5696K, reserved 1048576K
}
Event: 38.037 GC heap before
{Heap before GC invocations=22 (full 2):
 PSYoungGen      total 14848K, used 14607K [0x00000000d5580000, 0x00000000d6f80000, 0x0000000100000000)
  eden space 13824K, 100% used [0x00000000d5580000,0x00000000d6300000,0x00000000d6300000)
  from space 1024K, 76% used [0x00000000d6300000,0x00000000d63c3c78,0x00000000d6400000)
  to   space 4608K, 0% used [0x00000000d6b00000,0x00000000d6b00000,0x00000000d6f80000)
 ParOldGen       total 68608K, used 33525K [0x0000000080000000, 0x0000000084300000, 0x00000000d5580000)
  object space 68608K, 48% used [0x0000000080000000,0x00000000820bd548,0x0000000084300000)
 Metaspace       used 47407K, committed 48704K, reserved 1114112K
  class space    used 5161K, committed 5696K, reserved 1048576K
}
Event: 38.041 GC heap after
{Heap after GC invocations=22 (full 2):
 PSYoungGen      total 14848K, used 576K [0x00000000d5580000, 0x00000000d6c00000, 0x0000000100000000)
  eden space 13824K, 0% used [0x00000000d5580000,0x00000000d5580000,0x00000000d6300000)
  from space 1024K, 56% used [0x00000000d6b00000,0x00000000d6b90000,0x00000000d6c00000)
  to   space 1536K, 0% used [0x00000000d6900000,0x00000000d6900000,0x00000000d6a80000)
 ParOldGen       total 68608K, used 34221K [0x0000000080000000, 0x0000000084300000, 0x00000000d5580000)
  object space 68608K, 49% used [0x0000000080000000,0x000000008216b6b0,0x0000000084300000)
 Metaspace       used 47407K, committed 48704K, reserved 1114112K
  class space    used 5161K, committed 5696K, reserved 1048576K
}
Event: 41.234 GC heap before
{Heap before GC invocations=23 (full 2):
 PSYoungGen      total 14848K, used 14400K [0x00000000d5580000, 0x00000000d6c00000, 0x0000000100000000)
  eden space 13824K, 100% used [0x00000000d5580000,0x00000000d6300000,0x00000000d6300000)
  from space 1024K, 56% used [0x00000000d6b00000,0x00000000d6b90000,0x00000000d6c00000)
  to   space 1536K, 0% used [0x00000000d6900000,0x00000000d6900000,0x00000000d6a80000)
 ParOldGen       total 68608K, used 34221K [0x0000000080000000, 0x0000000084300000, 0x00000000d5580000)
  object space 68608K, 49% used [0x0000000080000000,0x000000008216b6b0,0x0000000084300000)
 Metaspace       used 47421K, committed 48768K, reserved 1114112K
  class space    used 5161K, committed 5696K, reserved 1048576K
}
Event: 41.239 GC heap after
{Heap after GC invocations=23 (full 2):
 PSYoungGen      total 15360K, used 128K [0x00000000d5580000, 0x00000000d6b80000, 0x0000000100000000)
  eden space 13824K, 0% used [0x00000000d5580000,0x00000000d5580000,0x00000000d6300000)
  from space 1536K, 8% used [0x00000000d6900000,0x00000000d6920000,0x00000000d6a80000)
  to   space 512K, 0% used [0x00000000d6b00000,0x00000000d6b00000,0x00000000d6b80000)
 ParOldGen       total 68608K, used 34759K [0x0000000080000000, 0x0000000084300000, 0x00000000d5580000)
  object space 68608K, 50% used [0x0000000080000000,0x00000000821f1c08,0x0000000084300000)
 Metaspace       used 47421K, committed 48768K, reserved 1114112K
  class space    used 5161K, committed 5696K, reserved 1048576K
}
Event: 43.327 GC heap before
{Heap before GC invocations=24 (full 2):
 PSYoungGen      total 15360K, used 13952K [0x00000000d5580000, 0x00000000d6b80000, 0x0000000100000000)
  eden space 13824K, 100% used [0x00000000d5580000,0x00000000d6300000,0x00000000d6300000)
  from space 1536K, 8% used [0x00000000d6900000,0x00000000d6920000,0x00000000d6a80000)
  to   space 512K, 0% used [0x00000000d6b00000,0x00000000d6b00000,0x00000000d6b80000)
 ParOldGen       total 68608K, used 34759K [0x0000000080000000, 0x0000000084300000, 0x00000000d5580000)
  object space 68608K, 50% used [0x0000000080000000,0x00000000821f1c08,0x0000000084300000)
 Metaspace       used 47475K, committed 48768K, reserved 1114112K
  class space    used 5170K, committed 5696K, reserved 1048576K
}
Event: 43.335 GC heap after
{Heap after GC invocations=24 (full 2):
 PSYoungGen      total 14336K, used 300K [0x00000000d5580000, 0x00000000d6b80000, 0x0000000100000000)
  eden space 13824K, 0% used [0x00000000d5580000,0x00000000d5580000,0x00000000d6300000)
  from space 512K, 58% used [0x00000000d6b00000,0x00000000d6b4b360,0x00000000d6b80000)
  to   space 512K, 0% used [0x00000000d6a80000,0x00000000d6a80000,0x00000000d6b00000)
 ParOldGen       total 68608K, used 34775K [0x0000000080000000, 0x0000000084300000, 0x00000000d5580000)
  object space 68608K, 50% used [0x0000000080000000,0x00000000821f5c08,0x0000000084300000)
 Metaspace       used 47475K, committed 48768K, reserved 1114112K
  class space    used 5170K, committed 5696K, reserved 1048576K
}
Event: 44.700 GC heap before
{Heap before GC invocations=25 (full 2):
 PSYoungGen      total 14336K, used 14124K [0x00000000d5580000, 0x00000000d6b80000, 0x0000000100000000)
  eden space 13824K, 100% used [0x00000000d5580000,0x00000000d6300000,0x00000000d6300000)
  from space 512K, 58% used [0x00000000d6b00000,0x00000000d6b4b360,0x00000000d6b80000)
  to   space 512K, 0% used [0x00000000d6a80000,0x00000000d6a80000,0x00000000d6b00000)
 ParOldGen       total 68608K, used 34775K [0x0000000080000000, 0x0000000084300000, 0x00000000d5580000)
  object space 68608K, 50% used [0x0000000080000000,0x00000000821f5c08,0x0000000084300000)
 Metaspace       used 47788K, committed 49024K, reserved 1114112K
  class space    used 5197K, committed 5696K, reserved 1048576K
}
Event: 44.706 GC heap after
{Heap after GC invocations=25 (full 2):
 PSYoungGen      total 14336K, used 512K [0x00000000d5580000, 0x00000000d6b80000, 0x0000000100000000)
  eden space 13824K, 0% used [0x00000000d5580000,0x00000000d5580000,0x00000000d6300000)
  from space 512K, 100% used [0x00000000d6a80000,0x00000000d6b00000,0x00000000d6b00000)
  to   space 512K, 0% used [0x00000000d6b00000,0x00000000d6b00000,0x00000000d6b80000)
 ParOldGen       total 68608K, used 34959K [0x0000000080000000, 0x0000000084300000, 0x00000000d5580000)
  object space 68608K, 50% used [0x0000000080000000,0x0000000082223c08,0x0000000084300000)
 Metaspace       used 47788K, committed 49024K, reserved 1114112K
  class space    used 5197K, committed 5696K, reserved 1048576K
}

