# JRE version: OpenJDK Runtime Environment Temurin-21.0.12.1+1 (21.0.12.1+1) (build 21.0.12.1+1-LTS)
# Java VM: OpenJDK 64-Bit Server VM Temurin-21.0.12.1+1 (21.0.12.1+1-LTS, mixed mode, sharing, tiered, compressed oops, compressed class ptrs, parallel gc, windows-amd64)
GC Precious Log:
 CardTable entry size: 512
 CPUs: 4 total, 4 available
 Memory: 8143M
 Large Page Support: Disabled
 NUMA Support: Disabled
 Compressed Oops: Enabled (32-bit)
 Alignments: Space 512K, Generation 512K, Heap 2M
 Heap Min Capacity: 100M
 Heap Initial Capacity: 100M
 Heap Max Capacity: 2G
 Pre-touch: Disabled
 Parallel Workers: 4
Heap:
 PSYoungGen      total 17920K, used 15384K [0x00000000d5580000, 0x00000000d6900000, 0x0000000100000000)
  eden space 16896K, 87% used [0x00000000d5580000,0x00000000d63dfe88,0x00000000d6600000)
  from space 1024K, 64% used [0x00000000d6800000,0x00000000d68a62e8,0x00000000d6900000)
  to   space 1024K, 0% used [0x00000000d6700000,0x00000000d6700000,0x00000000d6800000)
 ParOldGen       total 68608K, used 49502K [0x0000000080000000, 0x0000000084300000, 0x00000000d5580000)
  object space 68608K, 72% used [0x0000000080000000,0x0000000083057880,0x0000000084300000)
 Metaspace       used 52452K, committed 53824K, reserved 1114112K
  class space    used 5732K, committed 6336K, reserved 1048576K
GC Heap History (20 events):
Event: 69.071 GC heap before
{Heap before GC invocations=25 (full 2):
 PSYoungGen      total 18944K, used 18624K [0x00000000d5580000, 0x00000000d6d00000, 0x0000000100000000)
  eden space 17920K, 100% used [0x00000000d5580000,0x00000000d6700000,0x00000000d6700000)
  from space 1024K, 68% used [0x00000000d6c00000,0x00000000d6cb0000,0x00000000d6d00000)
  to   space 1024K, 0% used [0x00000000d6b00000,0x00000000d6b00000,0x00000000d6c00000)
 ParOldGen       total 68608K, used 35225K [0x0000000080000000, 0x0000000084300000, 0x00000000d5580000)
  object space 68608K, 51% used [0x0000000080000000,0x0000000082266530,0x0000000084300000)
 Metaspace       used 49383K, committed 50752K, reserved 1114112K
  class space    used 5341K, committed 5952K, reserved 1048576K
}
Event: 69.076 GC heap after
{Heap after GC invocations=25 (full 2):
 PSYoungGen      total 18944K, used 1000K [0x00000000d5580000, 0x00000000d6c80000, 0x0000000100000000)
  eden space 17920K, 0% used [0x00000000d5580000,0x00000000d5580000,0x00000000d6700000)
  from space 1024K, 97% used [0x00000000d6b00000,0x00000000d6bfa3d8,0x00000000d6c00000)
  to   space 512K, 0% used [0x00000000d6c00000,0x00000000d6c00000,0x00000000d6c80000)
 ParOldGen       total 68608K, used 35861K [0x0000000080000000, 0x0000000084300000, 0x00000000d5580000)
  object space 68608K, 52% used [0x0000000080000000,0x0000000082305550,0x0000000084300000)
 Metaspace       used 49383K, committed 50752K, reserved 1114112K
  class space    used 5341K, committed 5952K, reserved 1048576K
}
Event: 69.675 GC heap before
{Heap before GC invocations=26 (full 2):
 PSYoungGen      total 18944K, used 18920K [0x00000000d5580000, 0x00000000d6c80000, 0x0000000100000000)
  eden space 17920K, 100% used [0x00000000d5580000,0x00000000d6700000,0x00000000d6700000)
  from space 1024K, 97% used [0x00000000d6b00000,0x00000000d6bfa3d8,0x00000000d6c00000)
  to   space 512K, 0% used [0x00000000d6c00000,0x00000000d6c00000,0x00000000d6c80000)
 ParOldGen       total 68608K, used 35861K [0x0000000080000000, 0x0000000084300000, 0x00000000d5580000)
  object space 68608K, 52% used [0x0000000080000000,0x0000000082305550,0x0000000084300000)
 Metaspace       used 49428K, committed 50816K, reserved 1114112K
  class space    used 5346K, committed 5952K, reserved 1048576K
}
Event: 69.681 GC heap after
{Heap after GC invocations=26 (full 2):
 PSYoungGen      total 18432K, used 480K [0x00000000d5580000, 0x00000000d6d00000, 0x0000000100000000)
  eden space 17920K, 0% used [0x00000000d5580000,0x00000000d5580000,0x00000000d6700000)
  from space 512K, 93% used [0x00000000d6c00000,0x00000000d6c78010,0x00000000d6c80000)
  to   space 3072K, 0% used [0x00000000d6700000,0x00000000d6700000,0x00000000d6a00000)
 ParOldGen       total 68608K, used 37914K [0x0000000080000000, 0x0000000084300000, 0x00000000d5580000)
  object space 68608K, 55% used [0x0000000080000000,0x00000000825068d8,0x0000000084300000)
 Metaspace       used 49428K, committed 50816K, reserved 1114112K
  class space    used 5346K, committed 5952K, reserved 1048576K
}
Event: 70.083 GC heap before
{Heap before GC invocations=27 (full 2):
 PSYoungGen      total 18432K, used 18400K [0x00000000d5580000, 0x00000000d6d00000, 0x0000000100000000)
  eden space 17920K, 100% used [0x00000000d5580000,0x00000000d6700000,0x00000000d6700000)
  from space 512K, 93% used [0x00000000d6c00000,0x00000000d6c78010,0x00000000d6c80000)
  to   space 3072K, 0% used [0x00000000d6700000,0x00000000d6700000,0x00000000d6a00000)
 ParOldGen       total 68608K, used 37914K [0x0000000080000000, 0x0000000084300000, 0x00000000d5580000)
  object space 68608K, 55% used [0x0000000080000000,0x00000000825068d8,0x0000000084300000)
 Metaspace       used 49768K, committed 51136K, reserved 1114112K
  class space    used 5398K, committed 6016K, reserved 1048576K
}
Event: 70.089 GC heap after
{Heap after GC invocations=27 (full 2):
 PSYoungGen      total 20992K, used 1858K [0x00000000d5580000, 0x00000000d6c80000, 0x0000000100000000)
  eden space 17920K, 0% used [0x00000000d5580000,0x00000000d5580000,0x00000000d6700000)
  from space 3072K, 60% used [0x00000000d6700000,0x00000000d68d0810,0x00000000d6a00000)
  to   space 2560K, 0% used [0x00000000d6a00000,0x00000000d6a00000,0x00000000d6c80000)
 ParOldGen       total 68608K, used 38410K [0x0000000080000000, 0x0000000084300000, 0x00000000d5580000)
  object space 68608K, 55% used [0x0000000080000000,0x00000000825828e8,0x0000000084300000)
 Metaspace       used 49768K, committed 51136K, reserved 1114112K
  class space    used 5398K, committed 6016K, reserved 1048576K
}
Event: 70.320 GC heap before
{Heap before GC invocations=28 (full 2):
 PSYoungGen      total 20992K, used 19778K [0x00000000d5580000, 0x00000000d6c80000, 0x0000000100000000)
  eden space 17920K, 100% used [0x00000000d5580000,0x00000000d6700000,0x00000000d6700000)
  from space 3072K, 60% used [0x00000000d6700000,0x00000000d68d0810,0x00000000d6a00000)
  to   space 2560K, 0% used [0x00000000d6a00000,0x00000000d6a00000,0x00000000d6c80000)
 ParOldGen       total 68608K, used 38410K [0x0000000080000000, 0x0000000084300000, 0x00000000d5580000)
  object space 68608K, 55% used [0x0000000080000000,0x00000000825828e8,0x0000000084300000)
 Metaspace       used 49785K, committed 51136K, reserved 1114112K
  class space    used 5398K, committed 6016K, reserved 1048576K
}
Event: 70.330 GC heap after
{Heap after GC invocations=28 (full 2):
 PSYoungGen      total 19968K, used 1664K [0x00000000d5580000, 0x00000000d6c00000, 0x0000000100000000)
  eden space 17920K, 0% used [0x00000000d5580000,0x00000000d5580000,0x00000000d6700000)
  from space 2048K, 81% used [0x00000000d6a00000,0x00000000d6ba0010,0x00000000d6c00000)
  to   space 2048K, 0% used [0x00000000d6800000,0x00000000d6800000,0x00000000d6a00000)
 ParOldGen       total 68608K, used 40216K [0x0000000080000000, 0x0000000084300000, 0x00000000d5580000)
  object space 68608K, 58% used [0x0000000080000000,0x0000000082746108,0x0000000084300000)
 Metaspace       used 49785K, committed 51136K, reserved 1114112K
  class space    used 5398K, committed 6016K, reserved 1048576K
}
Event: 70.787 GC heap before
{Heap before GC invocations=29 (full 2):
 PSYoungGen      total 19968K, used 19584K [0x00000000d5580000, 0x00000000d6c00000, 0x0000000100000000)
  eden space 17920K, 100% used [0x00000000d5580000,0x00000000d6700000,0x00000000d6700000)
  from space 2048K, 81% used [0x00000000d6a00000,0x00000000d6ba0010,0x00000000d6c00000)
  to   space 2048K, 0% used [0x00000000d6800000,0x00000000d6800000,0x00000000d6a00000)
 ParOldGen       total 68608K, used 40216K [0x0000000080000000, 0x0000000084300000, 0x00000000d5580000)
  object space 68608K, 58% used [0x0000000080000000,0x0000000082746108,0x0000000084300000)
 Metaspace       used 49795K, committed 51136K, reserved 1114112K
  class space    used 5398K, committed 6016K, reserved 1048576K
}
Event: 70.797 GC heap after
{Heap after GC invocations=29 (full 2):
 PSYoungGen      total 19968K, used 1728K [0x00000000d5580000, 0x00000000d6b00000, 0x0000000100000000)
  eden space 17920K, 0% used [0x00000000d5580000,0x00000000d5580000,0x00000000d6700000)
  from space 2048K, 84% used [0x00000000d6800000,0x00000000d69b0000,0x00000000d6a00000)
  to   space 1024K, 0% used [0x00000000d6a00000,0x00000000d6a00000,0x00000000d6b00000)
 ParOldGen       total 68608K, used 41832K [0x0000000080000000, 0x0000000084300000, 0x00000000d5580000)
  object space 68608K, 60% used [0x0000000080000000,0x00000000828da118,0x0000000084300000)
 Metaspace       used 49795K, committed 51136K, reserved 1114112K
  class space    used 5398K, committed 6016K, reserved 1048576K
}
Event: 71.055 GC heap before
{Heap before GC invocations=30 (full 2):
 PSYoungGen      total 19968K, used 19648K [0x00000000d5580000, 0x00000000d6b00000, 0x0000000100000000)
  eden space 17920K, 100% used [0x00000000d5580000,0x00000000d6700000,0x00000000d6700000)
  from space 2048K, 84% used [0x00000000d6800000,0x00000000d69b0000,0x00000000d6a00000)
  to   space 1024K, 0% used [0x00000000d6a00000,0x00000000d6a00000,0x00000000d6b00000)
 ParOldGen       total 68608K, used 41832K [0x0000000080000000, 0x0000000084300000, 0x00000000d5580000)
  object space 68608K, 60% used [0x0000000080000000,0x00000000828da118,0x0000000084300000)
 Metaspace       used 49799K, committed 51136K, reserved 1114112K
  class space    used 5398K, committed 6016K, reserved 1048576K
}
Event: 71.061 GC heap after
{Heap after GC invocations=30 (full 2):
 PSYoungGen      total 17920K, used 1024K [0x00000000d5580000, 0x00000000d6f00000, 0x0000000100000000)
  eden space 16896K, 0% used [0x00000000d5580000,0x00000000d5580000,0x00000000d6600000)
  from space 1024K, 100% used [0x00000000d6a00000,0x00000000d6b00000,0x00000000d6b00000)
  to   space 4096K, 0% used [0x00000000d6600000,0x00000000d6600000,0x00000000d6a00000)
 ParOldGen       total 68608K, used 44132K [0x0000000080000000, 0x0000000084300000, 0x00000000d5580000)
  object space 68608K, 64% used [0x0000000080000000,0x0000000082b192f8,0x0000000084300000)
 Metaspace       used 49799K, committed 51136K, reserved 1114112K
  class space    used 5398K, committed 6016K, reserved 1048576K
}
Event: 71.236 GC heap before
{Heap before GC invocations=31 (full 2):
 PSYoungGen      total 17920K, used 17920K [0x00000000d5580000, 0x00000000d6f00000, 0x0000000100000000)
  eden space 16896K, 100% used [0x00000000d5580000,0x00000000d6600000,0x00000000d6600000)
  from space 1024K, 100% used [0x00000000d6a00000,0x00000000d6b00000,0x00000000d6b00000)
  to   space 4096K, 0% used [0x00000000d6600000,0x00000000d6600000,0x00000000d6a00000)
 ParOldGen       total 68608K, used 44132K [0x0000000080000000, 0x0000000084300000, 0x00000000d5580000)
  object space 68608K, 64% used [0x0000000080000000,0x0000000082b192f8,0x0000000084300000)
 Metaspace       used 49827K, committed 51200K, reserved 1114112K
  class space    used 5401K, committed 6016K, reserved 1048576K
}
Event: 71.243 GC heap after
{Heap after GC invocations=31 (full 2):
 PSYoungGen      total 18944K, used 1696K [0x00000000d5580000, 0x00000000d6b00000, 0x0000000100000000)
  eden space 16896K, 0% used [0x00000000d5580000,0x00000000d5580000,0x00000000d6600000)
  from space 2048K, 82% used [0x00000000d6600000,0x00000000d67a8010,0x00000000d6800000)
  to   space 2560K, 0% used [0x00000000d6880000,0x00000000d6880000,0x00000000d6b00000)
 ParOldGen       total 68608K, used 45172K [0x0000000080000000, 0x0000000084300000, 0x00000000d5580000)
  object space 68608K, 65% used [0x0000000080000000,0x0000000082c1d2f8,0x0000000084300000)
 Metaspace       used 49827K, committed 51200K, reserved 1114112K
  class space    used 5401K, committed 6016K, reserved 1048576K
}
Event: 71.674 GC heap before
{Heap before GC invocations=32 (full 2):
 PSYoungGen      total 18944K, used 18592K [0x00000000d5580000, 0x00000000d6b00000, 0x0000000100000000)
  eden space 16896K, 100% used [0x00000000d5580000,0x00000000d6600000,0x00000000d6600000)
  from space 2048K, 82% used [0x00000000d6600000,0x00000000d67a8010,0x00000000d6800000)
  to   space 2560K, 0% used [0x00000000d6880000,0x00000000d6880000,0x00000000d6b00000)
 ParOldGen       total 68608K, used 45172K [0x0000000080000000, 0x0000000084300000, 0x00000000d5580000)
  object space 68608K, 65% used [0x0000000080000000,0x0000000082c1d2f8,0x0000000084300000)
 Metaspace       used 49844K, committed 51200K, reserved 1114112K
  class space    used 5401K, committed 6016K, reserved 1048576K
}
Event: 71.685 GC heap after
{Heap after GC invocations=32 (full 2):
 PSYoungGen      total 18432K, used 1464K [0x00000000d5580000, 0x00000000d6a00000, 0x0000000100000000)
  eden space 16896K, 0% used [0x00000000d5580000,0x00000000d5580000,0x00000000d6600000)
  from space 1536K, 95% used [0x00000000d6880000,0x00000000d69ee200,0x00000000d6a00000)
  to   space 2048K, 0% used [0x00000000d6600000,0x00000000d6600000,0x00000000d6800000)
 ParOldGen       total 68608K, used 46852K [0x0000000080000000, 0x0000000084300000, 0x00000000d5580000)
  object space 68608K, 68% used [0x0000000080000000,0x0000000082dc1308,0x0000000084300000)
 Metaspace       used 49844K, committed 51200K, reserved 1114112K
  class space    used 5401K, committed 6016K, reserved 1048576K
}
Event: 72.078 GC heap before
{Heap before GC invocations=33 (full 2):
 PSYoungGen      total 18432K, used 18360K [0x00000000d5580000, 0x00000000d6a00000, 0x0000000100000000)
  eden space 16896K, 100% used [0x00000000d5580000,0x00000000d6600000,0x00000000d6600000)
  from space 1536K, 95% used [0x00000000d6880000,0x00000000d69ee200,0x00000000d6a00000)
  to   space 2048K, 0% used [0x00000000d6600000,0x00000000d6600000,0x00000000d6800000)
 ParOldGen       total 68608K, used 46852K [0x0000000080000000, 0x0000000084300000, 0x00000000d5580000)
  object space 68608K, 68% used [0x0000000080000000,0x0000000082dc1308,0x0000000084300000)
 Metaspace       used 49977K, committed 51328K, reserved 1114112K
  class space    used 5414K, committed 6016K, reserved 1048576K
}
Event: 72.085 GC heap after
{Heap after GC invocations=33 (full 2):
 PSYoungGen      total 18944K, used 1615K [0x00000000d5580000, 0x00000000d6a00000, 0x0000000100000000)
  eden space 16896K, 0% used [0x00000000d5580000,0x00000000d5580000,0x00000000d6600000)
  from space 2048K, 78% used [0x00000000d6600000,0x00000000d6793f48,0x00000000d6800000)
  to   space 2048K, 0% used [0x00000000d6800000,0x00000000d6800000,0x00000000d6a00000)
 ParOldGen       total 68608K, used 48261K [0x0000000080000000, 0x0000000084300000, 0x00000000d5580000)
  object space 68608K, 70% used [0x0000000080000000,0x0000000082f21508,0x0000000084300000)
 Metaspace       used 49977K, committed 51328K, reserved 1114112K
  class space    used 5414K, committed 6016K, reserved 1048576K
}
Event: 74.680 GC heap before
{Heap before GC invocations=34 (full 2):
 PSYoungGen      total 18944K, used 18511K [0x00000000d5580000, 0x00000000d6a00000, 0x0000000100000000)
  eden space 16896K, 100% used [0x00000000d5580000,0x00000000d6600000,0x00000000d6600000)
  from space 2048K, 78% used [0x00000000d6600000,0x00000000d6793f48,0x00000000d6800000)
  to   space 2048K, 0% used [0x00000000d6800000,0x00000000d6800000,0x00000000d6a00000)
 ParOldGen       total 68608K, used 48261K [0x0000000080000000, 0x0000000084300000, 0x00000000d5580000)
  object space 68608K, 70% used [0x0000000080000000,0x0000000082f21508,0x0000000084300000)
 Metaspace       used 51769K, committed 53120K, reserved 1114112K
  class space    used 5652K, committed 6272K, reserved 1048576K
}
Event: 74.687 GC heap after
{Heap after GC invocations=34 (full 2):
 PSYoungGen      total 17920K, used 664K [0x00000000d5580000, 0x00000000d6900000, 0x0000000100000000)
  eden space 16896K, 0% used [0x00000000d5580000,0x00000000d5580000,0x00000000d6600000)
  from space 1024K, 64% used [0x00000000d6800000,0x00000000d68a62e8,0x00000000d6900000)
  to   space 1024K, 0% used [0x00000000d6700000,0x00000000d6700000,0x00000000d6800000)
 ParOldGen       total 68608K, used 49502K [0x0000000080000000, 0x0000000084300000, 0x00000000d5580000)
  object space 68608K, 72% used [0x0000000080000000,0x0000000083057880,0x0000000084300000)
 Metaspace       used 51769K, committed 53120K, reserved 1114112K
  class space    used 5652K, committed 6272K, reserved 1048576K
}

